<?xml version="1.0" encoding="UTF-8"?>
<!-- Generated by org.testng.reporters.JUnitReportReporter -->
<testsuite hostname="DESKTOP-8EHPQI9" failures="0" tests="6" name="zerodhaTest.TestClass" time="79.754" errors="0" timestamp="2022-07-18T15:05:11 IST" skipped="0">
  <testcase classname="zerodhaTest.TestClass" name="testVerifyOrdersLink" time="12.606"/>
  <system-out/>
  <testcase classname="zerodhaTest.TestClass" name="testVerifyOrdersLink" time="15.786"/>
  <system-out/>
  <testcase classname="zerodhaTest.TestClass" name="testVerifyHoldingLink" time="12.110"/>
  <system-out/>
  <testcase classname="zerodhaTest.TestClass" name="testVerifyHoldingLink" time="12.580"/>
  <system-out/>
  <testcase classname="zerodhaTest.TestClass" name="testVerifyPositionLink" time="12.810"/>
  <system-out/>
  <testcase classname="zerodhaTest.TestClass" name="testVerifyPositionLink" time="13.862"/>
  <system-out/>
</testsuite> <!-- zerodhaTest.TestClass -->
